<?xml version="1.0" encoding="UTF-8"?>
<!-- Generated by org.testng.reporters.JUnitReportReporter -->
<testsuite hostname="LAPTOP-UM4DSUAN" failures="0" tests="1" name="com.actitime.testscript.CustomerModule" time="0.014" errors="0" timestamp="2024-01-05T12:44:26 IST" skipped="0">
  <testcase classname="com.actitime.testscript.CustomerModule" name="Customer" time="0.014"/>
  <system-out>
    <![CDATA[createCustomer]]>
  </system-out>
</testsuite> <!-- com.actitime.testscript.CustomerModule -->
